2019-08-28T00:00:21+00:00 CRITICAL Uncaught Error: Call to undefined function get_templates_part() in D:\localRepository\MY-PROJECT\bio-ferma\wp-content\themes\bio-fermaW\inc\custom-footer.php:8
Stack trace:
#0 D:\localRepository\MY-PROJECT\bio-ferma\wp-includes\class-wp-hook.php(286): bio_ferma_footer_contacts('')
#1 D:\localRepository\MY-PROJECT\bio-ferma\wp-includes\class-wp-hook.php(310): WP_Hook->apply_filters('', Array)
#2 D:\localRepository\MY-PROJECT\bio-ferma\wp-includes\plugin.php(465): WP_Hook->do_action(Array)
#3 D:\localRepository\MY-PROJECT\bio-ferma\wp-content\themes\bio-fermaW\footer.php(58): do_action('bio_ferma_foote...')
#4 D:\localRepository\MY-PROJECT\bio-ferma\wp-includes\template.php(722): require_once('D:\\localReposit...')
#5 D:\localRepository\MY-PROJECT\bio-ferma\wp-includes\template.php(671): load_template('D:\\localReposit...', true)
#6 D:\localRepository\MY-PROJECT\bio-ferma\wp-includes\general-template.php(76): locate_template(Array, true)
#7 D:\localRepository\MY-PROJECT\bio-ferma\wp-content\themes\bio-fermaW\in в D:\localRepository\MY-PROJECT\bio-ferma\wp-content\themes\bio-fermaW\inc\custom-footer.php на строке 8

2019-08-28T00:41:45+00:00 CRITICAL Cannot redeclare bio_ferma_footer_ascroll() (previously declared in D:\localRepository\MY-PROJECT\bio-ferma\wp-content\themes\bio-fermaW\inc\custom-footer.php:12) в D:\localRepository\MY-PROJECT\bio-ferma\wp-content\themes\bio-fermaW\footer.php на строке 65

2019-08-28T00:48:34+00:00 CRITICAL Uncaught Error: Call to undefined function get_templates_part() in D:\localRepository\MY-PROJECT\bio-ferma\wp-content\themes\bio-fermaW\inc\custom-footer.php:8
Stack trace:
#0 D:\localRepository\MY-PROJECT\bio-ferma\wp-includes\class-wp-hook.php(286): bio_ferma_footer_contacts('')
#1 D:\localRepository\MY-PROJECT\bio-ferma\wp-includes\class-wp-hook.php(310): WP_Hook->apply_filters('', Array)
#2 D:\localRepository\MY-PROJECT\bio-ferma\wp-includes\plugin.php(465): WP_Hook->do_action(Array)
#3 D:\localRepository\MY-PROJECT\bio-ferma\wp-content\themes\bio-fermaW\footer.php(60): do_action('bio_ferma_foote...')
#4 D:\localRepository\MY-PROJECT\bio-ferma\wp-includes\template.php(722): require_once('D:\\localReposit...')
#5 D:\localRepository\MY-PROJECT\bio-ferma\wp-includes\template.php(671): load_template('D:\\localReposit...', true)
#6 D:\localRepository\MY-PROJECT\bio-ferma\wp-includes\general-template.php(76): locate_template(Array, true)
#7 D:\localRepository\MY-PROJECT\bio-ferma\wp-content\themes\bio-fermaW\in в D:\localRepository\MY-PROJECT\bio-ferma\wp-content\themes\bio-fermaW\inc\custom-footer.php на строке 8

2019-08-28T00:52:54+00:00 CRITICAL syntax error, unexpected ')' в D:\localRepository\MY-PROJECT\bio-ferma\wp-content\themes\bio-fermaW\inc\custom-footer.php на строке 8

